0 info it worked if it ends with ok
1 verbose cli [ 'node', '/usr/local/bin/npm', 'update', '-g', 'bower' ]
2 info using npm@2.5.1
3 info using node@v0.12.1
4 silly mapToRegistry name bower
5 silly mapToRegistry using default registry
6 silly mapToRegistry registry https://registry.npmjs.org/
7 silly mapToRegistry uri https://registry.npmjs.org/bower
8 verbose request uri https://registry.npmjs.org/bower
9 verbose request no auth needed
10 info attempt registry request try #1 at 2:03:38 PM
11 verbose request id 5a1a9f61b033fef4
12 verbose etag "2BIIT5DX6N9ID6S7HVO0AFNTS"
13 http request GET https://registry.npmjs.org/bower
14 http 200 https://registry.npmjs.org/bower
15 silly get cb [ 200,
15 silly get   { date: 'Mon, 13 Apr 2015 12:03:40 GMT',
15 silly get     server: 'CouchDB/1.5.0 (Erlang OTP/R16B03)',
15 silly get     etag: '"B75PZIF9UZTD158RMY4I6WR91"',
15 silly get     'content-type': 'application/json',
15 silly get     'cache-control': 'max-age=60',
15 silly get     'content-length': '111574',
15 silly get     'accept-ranges': 'bytes',
15 silly get     via: '1.1 varnish',
15 silly get     age: '10',
15 silly get     'x-served-by': 'cache-lhr6332-LHR',
15 silly get     'x-cache': 'HIT',
15 silly get     'x-cache-hits': '1',
15 silly get     'x-timer': 'S1428926620.287073,VS0,VE1',
15 silly get     vary: 'Accept',
15 silly get     'keep-alive': 'timeout=10, max=50',
15 silly get     connection: 'Keep-Alive' } ]
16 verbose get saving bower to /Volumes/Macintosh_HDD/Chris/.npm/registry.npmjs.org/bower/.cache.json
17 silly mapToRegistry name bower
18 silly mapToRegistry using default registry
19 silly mapToRegistry registry https://registry.npmjs.org/
20 silly mapToRegistry uri https://registry.npmjs.org/bower
21 verbose request uri https://registry.npmjs.org/bower
22 verbose request no auth needed
23 info attempt registry request try #1 at 2:03:54 PM
24 verbose etag "B75PZIF9UZTD158RMY4I6WR91"
25 http request GET https://registry.npmjs.org/bower
26 http 304 https://registry.npmjs.org/bower
27 silly get cb [ 304,
27 silly get   { date: 'Mon, 13 Apr 2015 12:03:55 GMT',
27 silly get     server: 'Apache',
27 silly get     via: '1.1 varnish',
27 silly get     'last-modified': 'Mon, 13 Apr 2015 12:03:55 GMT',
27 silly get     'cache-control': 'max-age=60',
27 silly get     etag: '"B75PZIF9UZTD158RMY4I6WR91"',
27 silly get     age: '25',
27 silly get     'x-served-by': 'cache-lhr6330-LHR',
27 silly get     'x-cache': 'HIT',
27 silly get     'x-cache-hits': '1',
27 silly get     'x-timer': 'S1428926635.447636,VS0,VE2',
27 silly get     vary: 'Accept',
27 silly get     'content-length': '0',
27 silly get     'keep-alive': 'timeout=10, max=50',
27 silly get     connection: 'Keep-Alive' } ]
28 verbose etag https://registry.npmjs.org/bower from cache
29 verbose get saving bower to /Volumes/Macintosh_HDD/Chris/.npm/registry.npmjs.org/bower/.cache.json
30 info outdated updating [ [ '/usr/local/lib', 'bower', '1.3.12', '1.4.1', '1.4.1', 'latest' ],
30 info outdated   [ '/usr/local/lib/node_modules/mean-cli',
30 info outdated     'bower',
30 info outdated     '1.3.12',
30 info outdated     '1.4.1',
30 info outdated     '1.4.1',
30 info outdated     '^1.3.8' ] ]
31 verbose install where, what [ '/usr/local/lib', [ 'bower@1.4.1' ] ]
32 verbose install where, what [ '/usr/local/lib/node_modules/mean-cli', [ 'bower@1.4.1' ] ]
33 silly cache add args [ 'bower@1.4.1', null ]
34 verbose cache add spec bower@1.4.1
35 silly cache add parsed spec { raw: 'bower@1.4.1',
35 silly cache add   scope: null,
35 silly cache add   name: 'bower',
35 silly cache add   rawSpec: '1.4.1',
35 silly cache add   spec: '1.4.1',
35 silly cache add   type: 'version' }
36 verbose addNamed bower@1.4.1
37 silly addNamed semver.valid 1.4.1
38 silly addNamed semver.validRange 1.4.1
39 silly mapToRegistry name bower
40 silly mapToRegistry using default registry
41 silly mapToRegistry registry https://registry.npmjs.org/
42 silly mapToRegistry uri https://registry.npmjs.org/bower
43 verbose addNameVersion registry:https://registry.npmjs.org/bower not in flight; fetching
44 verbose request uri https://registry.npmjs.org/bower
45 verbose request no auth needed
46 info attempt registry request try #1 at 2:04:32 PM
47 verbose etag "B75PZIF9UZTD158RMY4I6WR91"
48 http request GET https://registry.npmjs.org/bower
49 silly cache add args [ 'bower@1.4.1', null ]
50 verbose cache add spec bower@1.4.1
51 silly cache add parsed spec { raw: 'bower@1.4.1',
51 silly cache add   scope: null,
51 silly cache add   name: 'bower',
51 silly cache add   rawSpec: '1.4.1',
51 silly cache add   spec: '1.4.1',
51 silly cache add   type: 'version' }
52 verbose addNamed bower@1.4.1
53 silly addNamed semver.valid 1.4.1
54 silly addNamed semver.validRange 1.4.1
55 silly mapToRegistry name bower
56 silly mapToRegistry using default registry
57 silly mapToRegistry registry https://registry.npmjs.org/
58 silly mapToRegistry uri https://registry.npmjs.org/bower
59 verbose addNameVersion registry:https://registry.npmjs.org/bower already in flight; waiting
60 http 304 https://registry.npmjs.org/bower
61 silly get cb [ 304,
61 silly get   { date: 'Mon, 13 Apr 2015 12:04:32 GMT',
61 silly get     server: 'Apache',
61 silly get     via: '1.1 varnish',
61 silly get     'last-modified': 'Mon, 13 Apr 2015 12:04:32 GMT',
61 silly get     'cache-control': 'max-age=60',
61 silly get     etag: '"B75PZIF9UZTD158RMY4I6WR91"',
61 silly get     age: '0',
61 silly get     'x-served-by': 'cache-lhr6322-LHR',
61 silly get     'x-cache': 'HIT',
61 silly get     'x-cache-hits': '1',
61 silly get     'x-timer': 'S1428926672.504126,VS0,VE357',
61 silly get     vary: 'Accept',
61 silly get     'content-length': '0',
61 silly get     'keep-alive': 'timeout=10, max=50',
61 silly get     connection: 'Keep-Alive' } ]
62 verbose etag https://registry.npmjs.org/bower from cache
63 verbose get saving bower to /Volumes/Macintosh_HDD/Chris/.npm/registry.npmjs.org/bower/.cache.json
64 silly cache afterAdd bower@1.4.1
65 verbose afterAdd /Volumes/Macintosh_HDD/Chris/.npm/bower/1.4.1/package/package.json not in flight; writing
66 silly cache afterAdd bower@1.4.1
67 verbose afterAdd /Volumes/Macintosh_HDD/Chris/.npm/bower/1.4.1/package/package.json already in flight; not writing
68 verbose afterAdd /Volumes/Macintosh_HDD/Chris/.npm/bower/1.4.1/package/package.json written
69 silly install resolved [ { name: 'bower',
69 silly install resolved     version: '1.4.1',
69 silly install resolved     description: 'The browser package manager',
69 silly install resolved     author: { name: 'Twitter' },
69 silly install resolved     licenses: [ [Object] ],
69 silly install resolved     repository: { type: 'git', url: 'https://github.com/bower/bower' },
69 silly install resolved     main: 'lib',
69 silly install resolved     homepage: 'http://bower.io',
69 silly install resolved     engines: { node: '>=0.10.0' },
69 silly install resolved     dependencies:
69 silly install resolved      { abbrev: '^1.0.5',
69 silly install resolved        archy: '1.0.0',
69 silly install resolved        'bower-config': '^0.6.1',
69 silly install resolved        'bower-endpoint-parser': '^0.2.2',
69 silly install resolved        'bower-json': '^0.4.0',
69 silly install resolved        'bower-logger': '^0.2.2',
69 silly install resolved        'bower-registry-client': '^0.3.0',
69 silly install resolved        cardinal: '0.4.4',
69 silly install resolved        chalk: '^1.0.0',
69 silly install resolved        chmodr: '0.1.0',
69 silly install resolved        configstore: '^0.3.2',
69 silly install resolved        'decompress-zip': '^0.1.0',
69 silly install resolved        fstream: '^1.0.3',
69 silly install resolved        'fstream-ignore': '^1.0.2',
69 silly install resolved        github: '^0.2.3',
69 silly install resolved        glob: '^4.3.2',
69 silly install resolved        'graceful-fs': '^3.0.5',
69 silly install resolved        handlebars: '^2.0.0',
69 silly install resolved        inquirer: '0.8.0',
69 silly install resolved        insight: '^0.5.0',
69 silly install resolved        'is-root': '^1.0.0',
69 silly install resolved        junk: '^1.0.0',
69 silly install resolved        lockfile: '^1.0.0',
69 silly install resolved        'lru-cache': '^2.5.0',
69 silly install resolved        mkdirp: '0.5.0',
69 silly install resolved        mout: '^0.11.0',
69 silly install resolved        nopt: '^3.0.1',
69 silly install resolved        opn: '^1.0.1',
69 silly install resolved        'p-throttler': '0.1.1',
69 silly install resolved        promptly: '0.2.0',
69 silly install resolved        q: '^1.1.2',
69 silly install resolved        request: '2.53.0',
69 silly install resolved        'request-progress': '0.3.1',
69 silly install resolved        retry: '0.6.1',
69 silly install resolved        rimraf: '^2.2.8',
69 silly install resolved        semver: '^2.3.0',
69 silly install resolved        'shell-quote': '^1.4.2',
69 silly install resolved        'stringify-object': '^1.0.0',
69 silly install resolved        'tar-fs': '^1.4.1',
69 silly install resolved        tmp: '0.0.24',
69 silly install resolved        'update-notifier': '^0.3.0',
69 silly install resolved        'user-home': '^1.1.0',
69 silly install resolved        which: '^1.0.8' },
69 silly install resolved     devDependencies:
69 silly install resolved      { chai: '^1.10.0',
69 silly install resolved        coveralls: '^2.11.2',
69 silly install resolved        'expect.js': '^0.3.1',
69 silly install resolved        grunt: '^0.4.5',
69 silly install resolved        'grunt-cli': '^0.1.13',
69 silly install resolved        'grunt-contrib-jshint': '^0.10.0',
69 silly install resolved        'grunt-contrib-watch': '^0.6.1',
69 silly install resolved        'grunt-exec': '^0.4.6',
69 silly install resolved        'grunt-simple-mocha': '^0.4.0',
69 silly install resolved        istanbul: '^0.3.5',
69 silly install resolved        'load-grunt-tasks': '^2.0.0',
69 silly install resolved        mocha: '^2.1.0',
69 silly install resolved        multiline: '^1.0.2',
69 silly install resolved        nock: '^0.56.0',
69 silly install resolved        'node-uuid': '^1.4.2',
69 silly install resolved        proxyquire: '^1.3.0',
69 silly install resolved        'spawn-sync': '^1.0.5' },
69 silly install resolved     scripts: { test: 'grunt test' },
69 silly install resolved     bin: { bower: 'bin/bower' },
69 silly install resolved     preferGlobal: true,
69 silly install resolved     gitHead: 'a1287416d40f944d58cb8f2e774e2076bfffd32f',
69 silly install resolved     bugs: { url: 'https://github.com/bower/bower/issues' },
69 silly install resolved     _id: 'bower@1.4.1',
69 silly install resolved     _shasum: 'a18be39d030792754f30f1c5b32d37b0156ba8dd',
69 silly install resolved     _from: 'bower@1.4.1',
69 silly install resolved     _npmVersion: '2.7.4',
69 silly install resolved     _nodeVersion: '0.12.0',
69 silly install resolved     _npmUser: { name: 'sheerun', email: 'sheerun@sher.pl' },
69 silly install resolved     maintainers: [ [Object], [Object], [Object], [Object], [Object], [Object] ],
69 silly install resolved     dist:
69 silly install resolved      { shasum: 'a18be39d030792754f30f1c5b32d37b0156ba8dd',
69 silly install resolved        tarball: 'http://registry.npmjs.org/bower/-/bower-1.4.1.tgz' },
69 silly install resolved     directories: {},
69 silly install resolved     _resolved: 'https://registry.npmjs.org/bower/-/bower-1.4.1.tgz',
69 silly install resolved     readme: 'ERROR: No README data found!' } ]
70 info install bower@1.4.1 into /usr/local/lib/node_modules/mean-cli
71 info installOne bower@1.4.1
72 verbose installOne of bower to /usr/local/lib/node_modules/mean-cli not in flight; installing
73 silly install resolved [ { name: 'bower',
73 silly install resolved     version: '1.4.1',
73 silly install resolved     description: 'The browser package manager',
73 silly install resolved     author: { name: 'Twitter' },
73 silly install resolved     licenses: [ [Object] ],
73 silly install resolved     repository: { type: 'git', url: 'https://github.com/bower/bower' },
73 silly install resolved     main: 'lib',
73 silly install resolved     homepage: 'http://bower.io',
73 silly install resolved     engines: { node: '>=0.10.0' },
73 silly install resolved     dependencies:
73 silly install resolved      { abbrev: '^1.0.5',
73 silly install resolved        archy: '1.0.0',
73 silly install resolved        'bower-config': '^0.6.1',
73 silly install resolved        'bower-endpoint-parser': '^0.2.2',
73 silly install resolved        'bower-json': '^0.4.0',
73 silly install resolved        'bower-logger': '^0.2.2',
73 silly install resolved        'bower-registry-client': '^0.3.0',
73 silly install resolved        cardinal: '0.4.4',
73 silly install resolved        chalk: '^1.0.0',
73 silly install resolved        chmodr: '0.1.0',
73 silly install resolved        configstore: '^0.3.2',
73 silly install resolved        'decompress-zip': '^0.1.0',
73 silly install resolved        fstream: '^1.0.3',
73 silly install resolved        'fstream-ignore': '^1.0.2',
73 silly install resolved        github: '^0.2.3',
73 silly install resolved        glob: '^4.3.2',
73 silly install resolved        'graceful-fs': '^3.0.5',
73 silly install resolved        handlebars: '^2.0.0',
73 silly install resolved        inquirer: '0.8.0',
73 silly install resolved        insight: '^0.5.0',
73 silly install resolved        'is-root': '^1.0.0',
73 silly install resolved        junk: '^1.0.0',
73 silly install resolved        lockfile: '^1.0.0',
73 silly install resolved        'lru-cache': '^2.5.0',
73 silly install resolved        mkdirp: '0.5.0',
73 silly install resolved        mout: '^0.11.0',
73 silly install resolved        nopt: '^3.0.1',
73 silly install resolved        opn: '^1.0.1',
73 silly install resolved        'p-throttler': '0.1.1',
73 silly install resolved        promptly: '0.2.0',
73 silly install resolved        q: '^1.1.2',
73 silly install resolved        request: '2.53.0',
73 silly install resolved        'request-progress': '0.3.1',
73 silly install resolved        retry: '0.6.1',
73 silly install resolved        rimraf: '^2.2.8',
73 silly install resolved        semver: '^2.3.0',
73 silly install resolved        'shell-quote': '^1.4.2',
73 silly install resolved        'stringify-object': '^1.0.0',
73 silly install resolved        'tar-fs': '^1.4.1',
73 silly install resolved        tmp: '0.0.24',
73 silly install resolved        'update-notifier': '^0.3.0',
73 silly install resolved        'user-home': '^1.1.0',
73 silly install resolved        which: '^1.0.8' },
73 silly install resolved     devDependencies:
73 silly install resolved      { chai: '^1.10.0',
73 silly install resolved        coveralls: '^2.11.2',
73 silly install resolved        'expect.js': '^0.3.1',
73 silly install resolved        grunt: '^0.4.5',
73 silly install resolved        'grunt-cli': '^0.1.13',
73 silly install resolved        'grunt-contrib-jshint': '^0.10.0',
73 silly install resolved        'grunt-contrib-watch': '^0.6.1',
73 silly install resolved        'grunt-exec': '^0.4.6',
73 silly install resolved        'grunt-simple-mocha': '^0.4.0',
73 silly install resolved        istanbul: '^0.3.5',
73 silly install resolved        'load-grunt-tasks': '^2.0.0',
73 silly install resolved        mocha: '^2.1.0',
73 silly install resolved        multiline: '^1.0.2',
73 silly install resolved        nock: '^0.56.0',
73 silly install resolved        'node-uuid': '^1.4.2',
73 silly install resolved        proxyquire: '^1.3.0',
73 silly install resolved        'spawn-sync': '^1.0.5' },
73 silly install resolved     scripts: { test: 'grunt test' },
73 silly install resolved     bin: { bower: 'bin/bower' },
73 silly install resolved     preferGlobal: true,
73 silly install resolved     gitHead: 'a1287416d40f944d58cb8f2e774e2076bfffd32f',
73 silly install resolved     bugs: { url: 'https://github.com/bower/bower/issues' },
73 silly install resolved     _id: 'bower@1.4.1',
73 silly install resolved     _shasum: 'a18be39d030792754f30f1c5b32d37b0156ba8dd',
73 silly install resolved     _from: 'bower@1.4.1',
73 silly install resolved     _npmVersion: '2.7.4',
73 silly install resolved     _nodeVersion: '0.12.0',
73 silly install resolved     _npmUser: { name: 'sheerun', email: 'sheerun@sher.pl' },
73 silly install resolved     maintainers: [ [Object], [Object], [Object], [Object], [Object], [Object] ],
73 silly install resolved     dist:
73 silly install resolved      { shasum: 'a18be39d030792754f30f1c5b32d37b0156ba8dd',
73 silly install resolved        tarball: 'http://registry.npmjs.org/bower/-/bower-1.4.1.tgz' },
73 silly install resolved     directories: {},
73 silly install resolved     _resolved: 'https://registry.npmjs.org/bower/-/bower-1.4.1.tgz',
73 silly install resolved     readme: 'ERROR: No README data found!' } ]
74 info install bower@1.4.1 into /usr/local/lib
75 info installOne bower@1.4.1
76 verbose installOne of bower to /usr/local/lib not in flight; installing
77 verbose lock using /Volumes/Macintosh_HDD/Chris/.npm/_locks/bower-0cad872e2ff99f2a.lock for /usr/local/lib/node_modules/mean-cli/node_modules/bower
78 verbose lock using /Volumes/Macintosh_HDD/Chris/.npm/_locks/bower-e8debc5417026b57.lock for /usr/local/lib/node_modules/bower
79 silly install write writing bower 1.4.1 to /usr/local/lib/node_modules/mean-cli/node_modules/bower
80 silly cache addNamed cb bower@1.4.1
81 verbose unbuild lib/node_modules/mean-cli/node_modules/bower
82 silly install write writing bower 1.4.1 to /usr/local/lib/node_modules/bower
83 silly cache addNamed cb bower@1.4.1
84 verbose unbuild lib/node_modules/bower
85 info preuninstall bower@1.3.12
86 info uninstall bower@1.3.12
87 verbose unbuild rmStuff bower@1.3.12 from /usr/local/lib/node_modules
88 verbose unbuild rmStuff in /usr/local/lib/node_modules/mean-cli/node_modules
89 verbose gentlyRm verifying that /usr/local is managed by npm
90 silly isManaged /usr/local is not inside /usr/local/lib/node_modules
91 silly isManaged /usr/local is not inside /usr/local/lib/node_modules
92 info preuninstall bower@1.3.12
93 silly isManaged /usr/local/bin is inside /usr/local
94 silly gentlyRm /usr/local is managed by npm
95 silly gentlyRm /usr/local/lib/node_modules/mean-cli/node_modules/.bin/bower is under /usr/local
96 verbose gentlyRm vacuuming /usr/local/lib/node_modules/mean-cli/node_modules/.bin/bower up to /usr/local
97 silly gentlyRm removing /usr/local/lib/node_modules/mean-cli/node_modules/.bin/bower
98 info uninstall bower@1.3.12
99 verbose unlock done using /Volumes/Macintosh_HDD/Chris/.npm/_locks/bower-0cad872e2ff99f2a.lock for /usr/local/lib/node_modules/mean-cli/node_modules/bower
100 verbose unbuild rmStuff bower@1.3.12 from /usr/local/lib/node_modules
101 verbose gentlyRm verifying that /usr/local is managed by npm
102 silly isManaged /usr/local is not inside /usr/local/lib/node_modules
103 silly isManaged /usr/local is not inside /usr/local/lib/node_modules
104 silly isManaged /usr/local is not inside /usr/local/bin
105 silly isManaged /usr/local is inside /usr/local
106 silly gentlyRm /usr/local is managed by npm
107 silly gentlyRm /usr/local/bin/bower is under /usr/local
108 verbose gentlyRm vacuuming /usr/local/bin/bower up to /usr/local
109 silly gentlyRm removing /usr/local/bin/bower
110 silly gentlyRm quitting because other entries in /usr/local/bin
111 info postuninstall bower@1.3.12
112 verbose gentlyRm vacuuming /usr/local/lib/node_modules/bower
113 silly gentlyRm purging /usr/local/lib/node_modules/bower
114 verbose unlock done using /Volumes/Macintosh_HDD/Chris/.npm/_locks/bower-e8debc5417026b57.lock for /usr/local/lib/node_modules/bower
115 verbose stack Error: EACCES, unlink '/usr/local/lib/node_modules/mean-cli/node_modules/.bin/bower'
115 verbose stack     at Error (native)
116 verbose cwd /Volumes/Macintosh_HDD/Chris/Sites/printr/github/apps/devkit/www
117 error Darwin 14.3.0
118 error argv "node" "/usr/local/bin/npm" "update" "-g" "bower"
119 error node v0.12.1
120 error npm  v2.5.1
121 error path /usr/local/lib/node_modules/mean-cli/node_modules/.bin/bower
122 error code EACCES
123 error errno -13
124 error Error: EACCES, unlink '/usr/local/lib/node_modules/mean-cli/node_modules/.bin/bower'
124 error     at Error (native)
124 error  { [Error: EACCES, unlink '/usr/local/lib/node_modules/mean-cli/node_modules/.bin/bower']
124 error   errno: -13,
124 error   code: 'EACCES',
124 error   path: '/usr/local/lib/node_modules/mean-cli/node_modules/.bin/bower' }
125 error Please try running this command again as root/Administrator.
126 verbose exit [ -13, true ]
127 verbose unbuild lib/node_modules/mean-cli/node_modules/bower
128 info preuninstall bower@1.3.12
129 info uninstall bower@1.3.12
130 verbose unbuild rmStuff bower@1.3.12 from /usr/local/lib/node_modules
131 verbose unbuild rmStuff in /usr/local/lib/node_modules/mean-cli/node_modules
132 verbose gentlyRm verifying that /usr/local is managed by npm
133 silly isManaged /usr/local is not inside /usr/local/lib/node_modules
134 silly isManaged /usr/local is not inside /usr/local/lib/node_modules
135 silly isManaged /usr/local is not inside /usr/local/bin
136 silly isManaged /usr/local is inside /usr/local
137 silly gentlyRm /usr/local is managed by npm
138 silly gentlyRm /usr/local/lib/node_modules/mean-cli/node_modules/.bin/bower is under /usr/local
139 verbose gentlyRm vacuuming /usr/local/lib/node_modules/mean-cli/node_modules/.bin/bower up to /usr/local
140 silly gentlyRm removing /usr/local/lib/node_modules/mean-cli/node_modules/.bin/bower
141 error error rolling back Error: EACCES, unlink '/usr/local/lib/node_modules/mean-cli/node_modules/.bin/bower'
141 error error rolling back     at Error (native)
141 error error rolling back  { [Error: EACCES, unlink '/usr/local/lib/node_modules/mean-cli/node_modules/.bin/bower']
141 error error rolling back   errno: -13,
141 error error rolling back   code: 'EACCES',
141 error error rolling back   path: '/usr/local/lib/node_modules/mean-cli/node_modules/.bin/bower' }
